The system is: Linux - 3.10.0-693.17.1.el7.x86_64 - x86_64
Compiling the C compiler identification source file "CMakeCCompilerId.c" succeeded.
Compiler: /usr/local/bin/gcc71 
Build flags: 
Id flags: 

The output was:
0


Compilation of the C compiler identification source "CMakeCCompilerId.c" produced "a.out"

The C compiler identification is GNU, found in "/users/misc-b/INF473/johanna.jussey/Projets/INF473-x16/build-Elements-Desktop_Qt_5_9_3_GCC_64bit-Release/CMakeFiles/2.8.12.2/CompilerIdC/a.out"

Compiling the CXX compiler identification source file "CMakeCXXCompilerId.cpp" succeeded.
Compiler: /usr/local/bin/g++71 
Build flags: 
Id flags: 

The output was:
0


Compilation of the CXX compiler identification source "CMakeCXXCompilerId.cpp" produced "a.out"

The CXX compiler identification is GNU, found in "/users/misc-b/INF473/johanna.jussey/Projets/INF473-x16/build-Elements-Desktop_Qt_5_9_3_GCC_64bit-Release/CMakeFiles/2.8.12.2/CompilerIdCXX/a.out"

Determining if the C compiler works passed with the following output:
Change Dir: /users/misc-b/INF473/johanna.jussey/Projets/INF473-x16/build-Elements-Desktop_Qt_5_9_3_GCC_64bit-Release/CMakeFiles/CMakeTmp

Run Build Command:/usr/bin/gmake "cmTryCompileExec2421369118/fast"
/usr/bin/gmake -f CMakeFiles/cmTryCompileExec2421369118.dir/build.make CMakeFiles/cmTryCompileExec2421369118.dir/build
gmake[1]: Entering directory `/users/misc-b/INF473/johanna.jussey/Projets/INF473-x16/build-Elements-Desktop_Qt_5_9_3_GCC_64bit-Release/CMakeFiles/CMakeTmp'
/usr/bin/cmake -E cmake_progress_report /users/misc-b/INF473/johanna.jussey/Projets/INF473-x16/build-Elements-Desktop_Qt_5_9_3_GCC_64bit-Release/CMakeFiles/CMakeTmp/CMakeFiles 1
Building C object CMakeFiles/cmTryCompileExec2421369118.dir/testCCompiler.c.o
/usr/local/bin/gcc71    -o CMakeFiles/cmTryCompileExec2421369118.dir/testCCompiler.c.o   -c /users/misc-b/INF473/johanna.jussey/Projets/INF473-x16/build-Elements-Desktop_Qt_5_9_3_GCC_64bit-Release/CMakeFiles/CMakeTmp/testCCompiler.c
Linking C executable cmTryCompileExec2421369118
/usr/bin/cmake -E cmake_link_script CMakeFiles/cmTryCompileExec2421369118.dir/link.txt --verbose=1
/usr/local/bin/gcc71       CMakeFiles/cmTryCompileExec2421369118.dir/testCCompiler.c.o  -o cmTryCompileExec2421369118 -rdynamic 
gmake[1]: Leaving directory `/users/misc-b/INF473/johanna.jussey/Projets/INF473-x16/build-Elements-Desktop_Qt_5_9_3_GCC_64bit-Release/CMakeFiles/CMakeTmp'


Detecting C compiler ABI info compiled with the following output:
Change Dir: /users/misc-b/INF473/johanna.jussey/Projets/INF473-x16/build-Elements-Desktop_Qt_5_9_3_GCC_64bit-Release/CMakeFiles/CMakeTmp

Run Build Command:/usr/bin/gmake "cmTryCompileExec889958617/fast"
/usr/bin/gmake -f CMakeFiles/cmTryCompileExec889958617.dir/build.make CMakeFiles/cmTryCompileExec889958617.dir/build
gmake[1]: Entering directory `/users/misc-b/INF473/johanna.jussey/Projets/INF473-x16/build-Elements-Desktop_Qt_5_9_3_GCC_64bit-Release/CMakeFiles/CMakeTmp'
/usr/bin/cmake -E cmake_progress_report /users/misc-b/INF473/johanna.jussey/Projets/INF473-x16/build-Elements-Desktop_Qt_5_9_3_GCC_64bit-Release/CMakeFiles/CMakeTmp/CMakeFiles 1
Building C object CMakeFiles/cmTryCompileExec889958617.dir/CMakeCCompilerABI.c.o
/usr/local/bin/gcc71    -o CMakeFiles/cmTryCompileExec889958617.dir/CMakeCCompilerABI.c.o   -c /usr/share/cmake/Modules/CMakeCCompilerABI.c
Linking C executable cmTryCompileExec889958617
/usr/bin/cmake -E cmake_link_script CMakeFiles/cmTryCompileExec889958617.dir/link.txt --verbose=1
/usr/local/bin/gcc71     -v CMakeFiles/cmTryCompileExec889958617.dir/CMakeCCompilerABI.c.o  -o cmTryCompileExec889958617 -rdynamic  
Using built-in specs.
COLLECT_GCC=/usr/local/bin/gcc71
COLLECT_LTO_WRAPPER=/usr/local/gcc-7.1.0/libexec/gcc/x86_64-pc-linux-gnu/7.1.0/lto-wrapper
Target: x86_64-pc-linux-gnu
Configured with: ../configure --prefix=/usr/local/gcc-7.1.0
Thread model: posix
gcc version 7.1.0 (GCC) 
COMPILER_PATH=/usr/local/gcc-7.1.0/libexec/gcc/x86_64-pc-linux-gnu/7.1.0/:/usr/local/gcc-7.1.0/libexec/gcc/x86_64-pc-linux-gnu/7.1.0/:/usr/local/gcc-7.1.0/libexec/gcc/x86_64-pc-linux-gnu/:/usr/local/gcc-7.1.0/lib/gcc/x86_64-pc-linux-gnu/7.1.0/:/usr/local/gcc-7.1.0/lib/gcc/x86_64-pc-linux-gnu/
LIBRARY_PATH=/usr/local/gcc-7.1.0/lib/gcc/x86_64-pc-linux-gnu/7.1.0/:/usr/local/gcc-7.1.0/lib/gcc/x86_64-pc-linux-gnu/7.1.0/../../../../lib64/:/lib/../lib64/:/usr/lib/../lib64/:/usr/local/gcc-7.1.0/lib/gcc/x86_64-pc-linux-gnu/7.1.0/../../../:/lib/:/usr/lib/
COLLECT_GCC_OPTIONS='-v' '-o' 'cmTryCompileExec889958617' '-rdynamic' '-mtune=generic' '-march=x86-64'
 /usr/local/gcc-7.1.0/libexec/gcc/x86_64-pc-linux-gnu/7.1.0/collect2 -plugin /usr/local/gcc-7.1.0/libexec/gcc/x86_64-pc-linux-gnu/7.1.0/liblto_plugin.so -plugin-opt=/usr/local/gcc-7.1.0/libexec/gcc/x86_64-pc-linux-gnu/7.1.0/lto-wrapper -plugin-opt=-fresolution=/tmp/ccJBlgSV.res -plugin-opt=-pass-through=-lgcc -plugin-opt=-pass-through=-lgcc_s -plugin-opt=-pass-through=-lc -plugin-opt=-pass-through=-lgcc -plugin-opt=-pass-through=-lgcc_s --eh-frame-hdr -m elf_x86_64 -export-dynamic -dynamic-linker /lib64/ld-linux-x86-64.so.2 -o cmTryCompileExec889958617 /lib/../lib64/crt1.o /lib/../lib64/crti.o /usr/local/gcc-7.1.0/lib/gcc/x86_64-pc-linux-gnu/7.1.0/crtbegin.o -L/usr/local/gcc-7.1.0/lib/gcc/x86_64-pc-linux-gnu/7.1.0 -L/usr/local/gcc-7.1.0/lib/gcc/x86_64-pc-linux-gnu/7.1.0/../../../../lib64 -L/lib/../lib64 -L/usr/lib/../lib64 -L/usr/local/gcc-7.1.0/lib/gcc/x86_64-pc-linux-gnu/7.1.0/../../.. CMakeFiles/cmTryCompileExec889958617.dir/CMakeCCompilerABI.c.o -lgcc --as-needed -lgcc_s --no-as-needed -lc -lgcc --as-needed -lgcc_s --no-as-needed /usr/local/gcc-7.1.0/lib/gcc/x86_64-pc-linux-gnu/7.1.0/crtend.o /lib/../lib64/crtn.o
COLLECT_GCC_OPTIONS='-v' '-o' 'cmTryCompileExec889958617' '-rdynamic' '-mtune=generic' '-march=x86-64'
gmake[1]: Leaving directory `/users/misc-b/INF473/johanna.jussey/Projets/INF473-x16/build-Elements-Desktop_Qt_5_9_3_GCC_64bit-Release/CMakeFiles/CMakeTmp'


Parsed C implicit link information from above output:
  link line regex: [^( *|.*[/\])(ld|([^/\]+-)?ld|collect2)[^/\]*( |$)]
  ignore line: [Change Dir: /users/misc-b/INF473/johanna.jussey/Projets/INF473-x16/build-Elements-Desktop_Qt_5_9_3_GCC_64bit-Release/CMakeFiles/CMakeTmp]
  ignore line: []
  ignore line: [Run Build Command:/usr/bin/gmake "cmTryCompileExec889958617/fast"]
  ignore line: [/usr/bin/gmake -f CMakeFiles/cmTryCompileExec889958617.dir/build.make CMakeFiles/cmTryCompileExec889958617.dir/build]
  ignore line: [gmake[1]: Entering directory `/users/misc-b/INF473/johanna.jussey/Projets/INF473-x16/build-Elements-Desktop_Qt_5_9_3_GCC_64bit-Release/CMakeFiles/CMakeTmp']
  ignore line: [/usr/bin/cmake -E cmake_progress_report /users/misc-b/INF473/johanna.jussey/Projets/INF473-x16/build-Elements-Desktop_Qt_5_9_3_GCC_64bit-Release/CMakeFiles/CMakeTmp/CMakeFiles 1]
  ignore line: [Building C object CMakeFiles/cmTryCompileExec889958617.dir/CMakeCCompilerABI.c.o]
  ignore line: [/usr/local/bin/gcc71    -o CMakeFiles/cmTryCompileExec889958617.dir/CMakeCCompilerABI.c.o   -c /usr/share/cmake/Modules/CMakeCCompilerABI.c]
  ignore line: [Linking C executable cmTryCompileExec889958617]
  ignore line: [/usr/bin/cmake -E cmake_link_script CMakeFiles/cmTryCompileExec889958617.dir/link.txt --verbose=1]
  ignore line: [/usr/local/bin/gcc71     -v CMakeFiles/cmTryCompileExec889958617.dir/CMakeCCompilerABI.c.o  -o cmTryCompileExec889958617 -rdynamic  ]
  ignore line: [Using built-in specs.]
  ignore line: [COLLECT_GCC=/usr/local/bin/gcc71]
  ignore line: [COLLECT_LTO_WRAPPER=/usr/local/gcc-7.1.0/libexec/gcc/x86_64-pc-linux-gnu/7.1.0/lto-wrapper]
  ignore line: [Target: x86_64-pc-linux-gnu]
  ignore line: [Configured with: ../configure --prefix=/usr/local/gcc-7.1.0]
  ignore line: [Thread model: posix]
  ignore line: [gcc version 7.1.0 (GCC) ]
  ignore line: [COMPILER_PATH=/usr/local/gcc-7.1.0/libexec/gcc/x86_64-pc-linux-gnu/7.1.0/:/usr/local/gcc-7.1.0/libexec/gcc/x86_64-pc-linux-gnu/7.1.0/:/usr/local/gcc-7.1.0/libexec/gcc/x86_64-pc-linux-gnu/:/usr/local/gcc-7.1.0/lib/gcc/x86_64-pc-linux-gnu/7.1.0/:/usr/local/gcc-7.1.0/lib/gcc/x86_64-pc-linux-gnu/]
  ignore line: [LIBRARY_PATH=/usr/local/gcc-7.1.0/lib/gcc/x86_64-pc-linux-gnu/7.1.0/:/usr/local/gcc-7.1.0/lib/gcc/x86_64-pc-linux-gnu/7.1.0/../../../../lib64/:/lib/../lib64/:/usr/lib/../lib64/:/usr/local/gcc-7.1.0/lib/gcc/x86_64-pc-linux-gnu/7.1.0/../../../:/lib/:/usr/lib/]
  ignore line: [COLLECT_GCC_OPTIONS='-v' '-o' 'cmTryCompileExec889958617' '-rdynamic' '-mtune=generic' '-march=x86-64']
  link line: [ /usr/local/gcc-7.1.0/libexec/gcc/x86_64-pc-linux-gnu/7.1.0/collect2 -plugin /usr/local/gcc-7.1.0/libexec/gcc/x86_64-pc-linux-gnu/7.1.0/liblto_plugin.so -plugin-opt=/usr/local/gcc-7.1.0/libexec/gcc/x86_64-pc-linux-gnu/7.1.0/lto-wrapper -plugin-opt=-fresolution=/tmp/ccJBlgSV.res -plugin-opt=-pass-through=-lgcc -plugin-opt=-pass-through=-lgcc_s -plugin-opt=-pass-through=-lc -plugin-opt=-pass-through=-lgcc -plugin-opt=-pass-through=-lgcc_s --eh-frame-hdr -m elf_x86_64 -export-dynamic -dynamic-linker /lib64/ld-linux-x86-64.so.2 -o cmTryCompileExec889958617 /lib/../lib64/crt1.o /lib/../lib64/crti.o /usr/local/gcc-7.1.0/lib/gcc/x86_64-pc-linux-gnu/7.1.0/crtbegin.o -L/usr/local/gcc-7.1.0/lib/gcc/x86_64-pc-linux-gnu/7.1.0 -L/usr/local/gcc-7.1.0/lib/gcc/x86_64-pc-linux-gnu/7.1.0/../../../../lib64 -L/lib/../lib64 -L/usr/lib/../lib64 -L/usr/local/gcc-7.1.0/lib/gcc/x86_64-pc-linux-gnu/7.1.0/../../.. CMakeFiles/cmTryCompileExec889958617.dir/CMakeCCompilerABI.c.o -lgcc --as-needed -lgcc_s --no-as-needed -lc -lgcc --as-needed -lgcc_s --no-as-needed /usr/local/gcc-7.1.0/lib/gcc/x86_64-pc-linux-gnu/7.1.0/crtend.o /lib/../lib64/crtn.o]
    arg [/usr/local/gcc-7.1.0/libexec/gcc/x86_64-pc-linux-gnu/7.1.0/collect2] ==> ignore
    arg [-plugin] ==> ignore
    arg [/usr/local/gcc-7.1.0/libexec/gcc/x86_64-pc-linux-gnu/7.1.0/liblto_plugin.so] ==> ignore
    arg [-plugin-opt=/usr/local/gcc-7.1.0/libexec/gcc/x86_64-pc-linux-gnu/7.1.0/lto-wrapper] ==> ignore
    arg [-plugin-opt=-fresolution=/tmp/ccJBlgSV.res] ==> ignore
    arg [-plugin-opt=-pass-through=-lgcc] ==> ignore
    arg [-plugin-opt=-pass-through=-lgcc_s] ==> ignore
    arg [-plugin-opt=-pass-through=-lc] ==> ignore
    arg [-plugin-opt=-pass-through=-lgcc] ==> ignore
    arg [-plugin-opt=-pass-through=-lgcc_s] ==> ignore
    arg [--eh-frame-hdr] ==> ignore
    arg [-m] ==> ignore
    arg [elf_x86_64] ==> ignore
    arg [-export-dynamic] ==> ignore
    arg [-dynamic-linker] ==> ignore
    arg [/lib64/ld-linux-x86-64.so.2] ==> ignore
    arg [-o] ==> ignore
    arg [cmTryCompileExec889958617] ==> ignore
    arg [/lib/../lib64/crt1.o] ==> ignore
    arg [/lib/../lib64/crti.o] ==> ignore
    arg [/usr/local/gcc-7.1.0/lib/gcc/x86_64-pc-linux-gnu/7.1.0/crtbegin.o] ==> ignore
    arg [-L/usr/local/gcc-7.1.0/lib/gcc/x86_64-pc-linux-gnu/7.1.0] ==> dir [/usr/local/gcc-7.1.0/lib/gcc/x86_64-pc-linux-gnu/7.1.0]
    arg [-L/usr/local/gcc-7.1.0/lib/gcc/x86_64-pc-linux-gnu/7.1.0/../../../../lib64] ==> dir [/usr/local/gcc-7.1.0/lib/gcc/x86_64-pc-linux-gnu/7.1.0/../../../../lib64]
    arg [-L/lib/../lib64] ==> dir [/lib/../lib64]
    arg [-L/usr/lib/../lib64] ==> dir [/usr/lib/../lib64]
    arg [-L/usr/local/gcc-7.1.0/lib/gcc/x86_64-pc-linux-gnu/7.1.0/../../..] ==> dir [/usr/local/gcc-7.1.0/lib/gcc/x86_64-pc-linux-gnu/7.1.0/../../..]
    arg [CMakeFiles/cmTryCompileExec889958617.dir/CMakeCCompilerABI.c.o] ==> ignore
    arg [-lgcc] ==> lib [gcc]
    arg [--as-needed] ==> ignore
    arg [-lgcc_s] ==> lib [gcc_s]
    arg [--no-as-needed] ==> ignore
    arg [-lc] ==> lib [c]
    arg [-lgcc] ==> lib [gcc]
    arg [--as-needed] ==> ignore
    arg [-lgcc_s] ==> lib [gcc_s]
    arg [--no-as-needed] ==> ignore
    arg [/usr/local/gcc-7.1.0/lib/gcc/x86_64-pc-linux-gnu/7.1.0/crtend.o] ==> ignore
    arg [/lib/../lib64/crtn.o] ==> ignore
  remove lib [gcc]
  remove lib [gcc_s]
  remove lib [gcc]
  remove lib [gcc_s]
  collapse library dir [/usr/local/gcc-7.1.0/lib/gcc/x86_64-pc-linux-gnu/7.1.0] ==> [/usr/local/gcc-7.1.0/lib/gcc/x86_64-pc-linux-gnu/7.1.0]
  collapse library dir [/usr/local/gcc-7.1.0/lib/gcc/x86_64-pc-linux-gnu/7.1.0/../../../../lib64] ==> [/usr/local/gcc-7.1.0/lib64]
  collapse library dir [/lib/../lib64] ==> [/lib64]
  collapse library dir [/usr/lib/../lib64] ==> [/usr/lib64]
  collapse library dir [/usr/local/gcc-7.1.0/lib/gcc/x86_64-pc-linux-gnu/7.1.0/../../..] ==> [/usr/local/gcc-7.1.0/lib]
  implicit libs: [c]
  implicit dirs: [/usr/local/gcc-7.1.0/lib/gcc/x86_64-pc-linux-gnu/7.1.0;/usr/local/gcc-7.1.0/lib64;/lib64;/usr/lib64;/usr/local/gcc-7.1.0/lib]
  implicit fwks: []


Determining if the CXX compiler works passed with the following output:
Change Dir: /users/misc-b/INF473/johanna.jussey/Projets/INF473-x16/build-Elements-Desktop_Qt_5_9_3_GCC_64bit-Release/CMakeFiles/CMakeTmp

Run Build Command:/usr/bin/gmake "cmTryCompileExec3816240739/fast"
/usr/bin/gmake -f CMakeFiles/cmTryCompileExec3816240739.dir/build.make CMakeFiles/cmTryCompileExec3816240739.dir/build
gmake[1]: Entering directory `/users/misc-b/INF473/johanna.jussey/Projets/INF473-x16/build-Elements-Desktop_Qt_5_9_3_GCC_64bit-Release/CMakeFiles/CMakeTmp'
/usr/bin/cmake -E cmake_progress_report /users/misc-b/INF473/johanna.jussey/Projets/INF473-x16/build-Elements-Desktop_Qt_5_9_3_GCC_64bit-Release/CMakeFiles/CMakeTmp/CMakeFiles 1
Building CXX object CMakeFiles/cmTryCompileExec3816240739.dir/testCXXCompiler.cxx.o
/usr/local/bin/g++71     -o CMakeFiles/cmTryCompileExec3816240739.dir/testCXXCompiler.cxx.o -c /users/misc-b/INF473/johanna.jussey/Projets/INF473-x16/build-Elements-Desktop_Qt_5_9_3_GCC_64bit-Release/CMakeFiles/CMakeTmp/testCXXCompiler.cxx
Linking CXX executable cmTryCompileExec3816240739
/usr/bin/cmake -E cmake_link_script CMakeFiles/cmTryCompileExec3816240739.dir/link.txt --verbose=1
/usr/local/bin/g++71        CMakeFiles/cmTryCompileExec3816240739.dir/testCXXCompiler.cxx.o  -o cmTryCompileExec3816240739 -rdynamic 
gmake[1]: Leaving directory `/users/misc-b/INF473/johanna.jussey/Projets/INF473-x16/build-Elements-Desktop_Qt_5_9_3_GCC_64bit-Release/CMakeFiles/CMakeTmp'


Detecting CXX compiler ABI info compiled with the following output:
Change Dir: /users/misc-b/INF473/johanna.jussey/Projets/INF473-x16/build-Elements-Desktop_Qt_5_9_3_GCC_64bit-Release/CMakeFiles/CMakeTmp

Run Build Command:/usr/bin/gmake "cmTryCompileExec3267595814/fast"
/usr/bin/gmake -f CMakeFiles/cmTryCompileExec3267595814.dir/build.make CMakeFiles/cmTryCompileExec3267595814.dir/build
gmake[1]: Entering directory `/users/misc-b/INF473/johanna.jussey/Projets/INF473-x16/build-Elements-Desktop_Qt_5_9_3_GCC_64bit-Release/CMakeFiles/CMakeTmp'
/usr/bin/cmake -E cmake_progress_report /users/misc-b/INF473/johanna.jussey/Projets/INF473-x16/build-Elements-Desktop_Qt_5_9_3_GCC_64bit-Release/CMakeFiles/CMakeTmp/CMakeFiles 1
Building CXX object CMakeFiles/cmTryCompileExec3267595814.dir/CMakeCXXCompilerABI.cpp.o
/usr/local/bin/g++71     -o CMakeFiles/cmTryCompileExec3267595814.dir/CMakeCXXCompilerABI.cpp.o -c /usr/share/cmake/Modules/CMakeCXXCompilerABI.cpp
Linking CXX executable cmTryCompileExec3267595814
/usr/bin/cmake -E cmake_link_script CMakeFiles/cmTryCompileExec3267595814.dir/link.txt --verbose=1
/usr/local/bin/g++71      -v CMakeFiles/cmTryCompileExec3267595814.dir/CMakeCXXCompilerABI.cpp.o  -o cmTryCompileExec3267595814 -rdynamic  
Using built-in specs.
COLLECT_GCC=/usr/local/bin/g++71
COLLECT_LTO_WRAPPER=/usr/local/gcc-7.1.0/libexec/gcc/x86_64-pc-linux-gnu/7.1.0/lto-wrapper
Target: x86_64-pc-linux-gnu
Configured with: ../configure --prefix=/usr/local/gcc-7.1.0
Thread model: posix
gcc version 7.1.0 (GCC) 
COMPILER_PATH=/usr/local/gcc-7.1.0/libexec/gcc/x86_64-pc-linux-gnu/7.1.0/:/usr/local/gcc-7.1.0/libexec/gcc/x86_64-pc-linux-gnu/7.1.0/:/usr/local/gcc-7.1.0/libexec/gcc/x86_64-pc-linux-gnu/:/usr/local/gcc-7.1.0/lib/gcc/x86_64-pc-linux-gnu/7.1.0/:/usr/local/gcc-7.1.0/lib/gcc/x86_64-pc-linux-gnu/
LIBRARY_PATH=/usr/local/gcc-7.1.0/lib/gcc/x86_64-pc-linux-gnu/7.1.0/:/usr/local/gcc-7.1.0/lib/gcc/x86_64-pc-linux-gnu/7.1.0/../../../../lib64/:/lib/../lib64/:/usr/lib/../lib64/:/usr/local/gcc-7.1.0/lib/gcc/x86_64-pc-linux-gnu/7.1.0/../../../:/lib/:/usr/lib/
COLLECT_GCC_OPTIONS='-v' '-o' 'cmTryCompileExec3267595814' '-rdynamic' '-shared-libgcc' '-mtune=generic' '-march=x86-64'
 /usr/local/gcc-7.1.0/libexec/gcc/x86_64-pc-linux-gnu/7.1.0/collect2 -plugin /usr/local/gcc-7.1.0/libexec/gcc/x86_64-pc-linux-gnu/7.1.0/liblto_plugin.so -plugin-opt=/usr/local/gcc-7.1.0/libexec/gcc/x86_64-pc-linux-gnu/7.1.0/lto-wrapper -plugin-opt=-fresolution=/tmp/ccsqAUI1.res -plugin-opt=-pass-through=-lgcc_s -plugin-opt=-pass-through=-lgcc -plugin-opt=-pass-through=-lc -plugin-opt=-pass-through=-lgcc_s -plugin-opt=-pass-through=-lgcc --eh-frame-hdr -m elf_x86_64 -export-dynamic -dynamic-linker /lib64/ld-linux-x86-64.so.2 -o cmTryCompileExec3267595814 /lib/../lib64/crt1.o /lib/../lib64/crti.o /usr/local/gcc-7.1.0/lib/gcc/x86_64-pc-linux-gnu/7.1.0/crtbegin.o -L/usr/local/gcc-7.1.0/lib/gcc/x86_64-pc-linux-gnu/7.1.0 -L/usr/local/gcc-7.1.0/lib/gcc/x86_64-pc-linux-gnu/7.1.0/../../../../lib64 -L/lib/../lib64 -L/usr/lib/../lib64 -L/usr/local/gcc-7.1.0/lib/gcc/x86_64-pc-linux-gnu/7.1.0/../../.. CMakeFiles/cmTryCompileExec3267595814.dir/CMakeCXXCompilerABI.cpp.o -lstdc++ -lm -lgcc_s -lgcc -lc -lgcc_s -lgcc /usr/local/gcc-7.1.0/lib/gcc/x86_64-pc-linux-gnu/7.1.0/crtend.o /lib/../lib64/crtn.o
COLLECT_GCC_OPTIONS='-v' '-o' 'cmTryCompileExec3267595814' '-rdynamic' '-shared-libgcc' '-mtune=generic' '-march=x86-64'
gmake[1]: Leaving directory `/users/misc-b/INF473/johanna.jussey/Projets/INF473-x16/build-Elements-Desktop_Qt_5_9_3_GCC_64bit-Release/CMakeFiles/CMakeTmp'


Parsed CXX implicit link information from above output:
  link line regex: [^( *|.*[/\])(ld|([^/\]+-)?ld|collect2)[^/\]*( |$)]
  ignore line: [Change Dir: /users/misc-b/INF473/johanna.jussey/Projets/INF473-x16/build-Elements-Desktop_Qt_5_9_3_GCC_64bit-Release/CMakeFiles/CMakeTmp]
  ignore line: []
  ignore line: [Run Build Command:/usr/bin/gmake "cmTryCompileExec3267595814/fast"]
  ignore line: [/usr/bin/gmake -f CMakeFiles/cmTryCompileExec3267595814.dir/build.make CMakeFiles/cmTryCompileExec3267595814.dir/build]
  ignore line: [gmake[1]: Entering directory `/users/misc-b/INF473/johanna.jussey/Projets/INF473-x16/build-Elements-Desktop_Qt_5_9_3_GCC_64bit-Release/CMakeFiles/CMakeTmp']
  ignore line: [/usr/bin/cmake -E cmake_progress_report /users/misc-b/INF473/johanna.jussey/Projets/INF473-x16/build-Elements-Desktop_Qt_5_9_3_GCC_64bit-Release/CMakeFiles/CMakeTmp/CMakeFiles 1]
  ignore line: [Building CXX object CMakeFiles/cmTryCompileExec3267595814.dir/CMakeCXXCompilerABI.cpp.o]
  ignore line: [/usr/local/bin/g++71     -o CMakeFiles/cmTryCompileExec3267595814.dir/CMakeCXXCompilerABI.cpp.o -c /usr/share/cmake/Modules/CMakeCXXCompilerABI.cpp]
  ignore line: [Linking CXX executable cmTryCompileExec3267595814]
  ignore line: [/usr/bin/cmake -E cmake_link_script CMakeFiles/cmTryCompileExec3267595814.dir/link.txt --verbose=1]
  ignore line: [/usr/local/bin/g++71      -v CMakeFiles/cmTryCompileExec3267595814.dir/CMakeCXXCompilerABI.cpp.o  -o cmTryCompileExec3267595814 -rdynamic  ]
  ignore line: [Using built-in specs.]
  ignore line: [COLLECT_GCC=/usr/local/bin/g++71]
  ignore line: [COLLECT_LTO_WRAPPER=/usr/local/gcc-7.1.0/libexec/gcc/x86_64-pc-linux-gnu/7.1.0/lto-wrapper]
  ignore line: [Target: x86_64-pc-linux-gnu]
  ignore line: [Configured with: ../configure --prefix=/usr/local/gcc-7.1.0]
  ignore line: [Thread model: posix]
  ignore line: [gcc version 7.1.0 (GCC) ]
  ignore line: [COMPILER_PATH=/usr/local/gcc-7.1.0/libexec/gcc/x86_64-pc-linux-gnu/7.1.0/:/usr/local/gcc-7.1.0/libexec/gcc/x86_64-pc-linux-gnu/7.1.0/:/usr/local/gcc-7.1.0/libexec/gcc/x86_64-pc-linux-gnu/:/usr/local/gcc-7.1.0/lib/gcc/x86_64-pc-linux-gnu/7.1.0/:/usr/local/gcc-7.1.0/lib/gcc/x86_64-pc-linux-gnu/]
  ignore line: [LIBRARY_PATH=/usr/local/gcc-7.1.0/lib/gcc/x86_64-pc-linux-gnu/7.1.0/:/usr/local/gcc-7.1.0/lib/gcc/x86_64-pc-linux-gnu/7.1.0/../../../../lib64/:/lib/../lib64/:/usr/lib/../lib64/:/usr/local/gcc-7.1.0/lib/gcc/x86_64-pc-linux-gnu/7.1.0/../../../:/lib/:/usr/lib/]
  ignore line: [COLLECT_GCC_OPTIONS='-v' '-o' 'cmTryCompileExec3267595814' '-rdynamic' '-shared-libgcc' '-mtune=generic' '-march=x86-64']
  link line: [ /usr/local/gcc-7.1.0/libexec/gcc/x86_64-pc-linux-gnu/7.1.0/collect2 -plugin /usr/local/gcc-7.1.0/libexec/gcc/x86_64-pc-linux-gnu/7.1.0/liblto_plugin.so -plugin-opt=/usr/local/gcc-7.1.0/libexec/gcc/x86_64-pc-linux-gnu/7.1.0/lto-wrapper -plugin-opt=-fresolution=/tmp/ccsqAUI1.res -plugin-opt=-pass-through=-lgcc_s -plugin-opt=-pass-through=-lgcc -plugin-opt=-pass-through=-lc -plugin-opt=-pass-through=-lgcc_s -plugin-opt=-pass-through=-lgcc --eh-frame-hdr -m elf_x86_64 -export-dynamic -dynamic-linker /lib64/ld-linux-x86-64.so.2 -o cmTryCompileExec3267595814 /lib/../lib64/crt1.o /lib/../lib64/crti.o /usr/local/gcc-7.1.0/lib/gcc/x86_64-pc-linux-gnu/7.1.0/crtbegin.o -L/usr/local/gcc-7.1.0/lib/gcc/x86_64-pc-linux-gnu/7.1.0 -L/usr/local/gcc-7.1.0/lib/gcc/x86_64-pc-linux-gnu/7.1.0/../../../../lib64 -L/lib/../lib64 -L/usr/lib/../lib64 -L/usr/local/gcc-7.1.0/lib/gcc/x86_64-pc-linux-gnu/7.1.0/../../.. CMakeFiles/cmTryCompileExec3267595814.dir/CMakeCXXCompilerABI.cpp.o -lstdc++ -lm -lgcc_s -lgcc -lc -lgcc_s -lgcc /usr/local/gcc-7.1.0/lib/gcc/x86_64-pc-linux-gnu/7.1.0/crtend.o /lib/../lib64/crtn.o]
    arg [/usr/local/gcc-7.1.0/libexec/gcc/x86_64-pc-linux-gnu/7.1.0/collect2] ==> ignore
    arg [-plugin] ==> ignore
    arg [/usr/local/gcc-7.1.0/libexec/gcc/x86_64-pc-linux-gnu/7.1.0/liblto_plugin.so] ==> ignore
    arg [-plugin-opt=/usr/local/gcc-7.1.0/libexec/gcc/x86_64-pc-linux-gnu/7.1.0/lto-wrapper] ==> ignore
    arg [-plugin-opt=-fresolution=/tmp/ccsqAUI1.res] ==> ignore
    arg [-plugin-opt=-pass-through=-lgcc_s] ==> ignore
    arg [-plugin-opt=-pass-through=-lgcc] ==> ignore
    arg [-plugin-opt=-pass-through=-lc] ==> ignore
    arg [-plugin-opt=-pass-through=-lgcc_s] ==> ignore
    arg [-plugin-opt=-pass-through=-lgcc] ==> ignore
    arg [--eh-frame-hdr] ==> ignore
    arg [-m] ==> ignore
    arg [elf_x86_64] ==> ignore
    arg [-export-dynamic] ==> ignore
    arg [-dynamic-linker] ==> ignore
    arg [/lib64/ld-linux-x86-64.so.2] ==> ignore
    arg [-o] ==> ignore
    arg [cmTryCompileExec3267595814] ==> ignore
    arg [/lib/../lib64/crt1.o] ==> ignore
    arg [/lib/../lib64/crti.o] ==> ignore
    arg [/usr/local/gcc-7.1.0/lib/gcc/x86_64-pc-linux-gnu/7.1.0/crtbegin.o] ==> ignore
    arg [-L/usr/local/gcc-7.1.0/lib/gcc/x86_64-pc-linux-gnu/7.1.0] ==> dir [/usr/local/gcc-7.1.0/lib/gcc/x86_64-pc-linux-gnu/7.1.0]
    arg [-L/usr/local/gcc-7.1.0/lib/gcc/x86_64-pc-linux-gnu/7.1.0/../../../../lib64] ==> dir [/usr/local/gcc-7.1.0/lib/gcc/x86_64-pc-linux-gnu/7.1.0/../../../../lib64]
    arg [-L/lib/../lib64] ==> dir [/lib/../lib64]
    arg [-L/usr/lib/../lib64] ==> dir [/usr/lib/../lib64]
    arg [-L/usr/local/gcc-7.1.0/lib/gcc/x86_64-pc-linux-gnu/7.1.0/../../..] ==> dir [/usr/local/gcc-7.1.0/lib/gcc/x86_64-pc-linux-gnu/7.1.0/../../..]
    arg [CMakeFiles/cmTryCompileExec3267595814.dir/CMakeCXXCompilerABI.cpp.o] ==> ignore
    arg [-lstdc++] ==> lib [stdc++]
    arg [-lm] ==> lib [m]
    arg [-lgcc_s] ==> lib [gcc_s]
    arg [-lgcc] ==> lib [gcc]
    arg [-lc] ==> lib [c]
    arg [-lgcc_s] ==> lib [gcc_s]
    arg [-lgcc] ==> lib [gcc]
    arg [/usr/local/gcc-7.1.0/lib/gcc/x86_64-pc-linux-gnu/7.1.0/crtend.o] ==> ignore
    arg [/lib/../lib64/crtn.o] ==> ignore
  remove lib [gcc_s]
  remove lib [gcc]
  remove lib [gcc_s]
  remove lib [gcc]
  collapse library dir [/usr/local/gcc-7.1.0/lib/gcc/x86_64-pc-linux-gnu/7.1.0] ==> [/usr/local/gcc-7.1.0/lib/gcc/x86_64-pc-linux-gnu/7.1.0]
  collapse library dir [/usr/local/gcc-7.1.0/lib/gcc/x86_64-pc-linux-gnu/7.1.0/../../../../lib64] ==> [/usr/local/gcc-7.1.0/lib64]
  collapse library dir [/lib/../lib64] ==> [/lib64]
  collapse library dir [/usr/lib/../lib64] ==> [/usr/lib64]
  collapse library dir [/usr/local/gcc-7.1.0/lib/gcc/x86_64-pc-linux-gnu/7.1.0/../../..] ==> [/usr/local/gcc-7.1.0/lib]
  implicit libs: [stdc++;m;c]
  implicit dirs: [/usr/local/gcc-7.1.0/lib/gcc/x86_64-pc-linux-gnu/7.1.0;/usr/local/gcc-7.1.0/lib64;/lib64;/usr/lib64;/usr/local/gcc-7.1.0/lib]
  implicit fwks: []


Determining if the function XOpenDisplay exists in the /usr/lib64/libX11.so;/usr/lib64/libXext.so passed with the following output:
Change Dir: /users/misc-b/INF473/johanna.jussey/Projets/INF473-x16/build-Elements-Desktop_Qt_5_9_3_GCC_64bit-Release/CMakeFiles/CMakeTmp

Run Build Command:/usr/bin/gmake "cmTryCompileExec3799378076/fast"
/usr/bin/gmake -f CMakeFiles/cmTryCompileExec3799378076.dir/build.make CMakeFiles/cmTryCompileExec3799378076.dir/build
gmake[1]: Entering directory `/users/misc-b/INF473/johanna.jussey/Projets/INF473-x16/build-Elements-Desktop_Qt_5_9_3_GCC_64bit-Release/CMakeFiles/CMakeTmp'
/usr/bin/cmake -E cmake_progress_report /users/misc-b/INF473/johanna.jussey/Projets/INF473-x16/build-Elements-Desktop_Qt_5_9_3_GCC_64bit-Release/CMakeFiles/CMakeTmp/CMakeFiles 1
Building C object CMakeFiles/cmTryCompileExec3799378076.dir/CheckFunctionExists.c.o
/usr/local/bin/gcc71   -DCHECK_FUNCTION_EXISTS=XOpenDisplay   -o CMakeFiles/cmTryCompileExec3799378076.dir/CheckFunctionExists.c.o   -c /usr/share/cmake/Modules/CheckFunctionExists.c
Linking C executable cmTryCompileExec3799378076
/usr/bin/cmake -E cmake_link_script CMakeFiles/cmTryCompileExec3799378076.dir/link.txt --verbose=1
/usr/local/bin/gcc71   -DCHECK_FUNCTION_EXISTS=XOpenDisplay    CMakeFiles/cmTryCompileExec3799378076.dir/CheckFunctionExists.c.o  -o cmTryCompileExec3799378076 -rdynamic -lX11 -lXext 
gmake[1]: Leaving directory `/users/misc-b/INF473/johanna.jussey/Projets/INF473-x16/build-Elements-Desktop_Qt_5_9_3_GCC_64bit-Release/CMakeFiles/CMakeTmp'


Determining if the function gethostbyname exists passed with the following output:
Change Dir: /users/misc-b/INF473/johanna.jussey/Projets/INF473-x16/build-Elements-Desktop_Qt_5_9_3_GCC_64bit-Release/CMakeFiles/CMakeTmp

Run Build Command:/usr/bin/gmake "cmTryCompileExec1062631772/fast"
/usr/bin/gmake -f CMakeFiles/cmTryCompileExec1062631772.dir/build.make CMakeFiles/cmTryCompileExec1062631772.dir/build
gmake[1]: Entering directory `/users/misc-b/INF473/johanna.jussey/Projets/INF473-x16/build-Elements-Desktop_Qt_5_9_3_GCC_64bit-Release/CMakeFiles/CMakeTmp'
/usr/bin/cmake -E cmake_progress_report /users/misc-b/INF473/johanna.jussey/Projets/INF473-x16/build-Elements-Desktop_Qt_5_9_3_GCC_64bit-Release/CMakeFiles/CMakeTmp/CMakeFiles 1
Building C object CMakeFiles/cmTryCompileExec1062631772.dir/CheckFunctionExists.c.o
/usr/local/bin/gcc71   -DCHECK_FUNCTION_EXISTS=gethostbyname   -o CMakeFiles/cmTryCompileExec1062631772.dir/CheckFunctionExists.c.o   -c /usr/share/cmake/Modules/CheckFunctionExists.c
Linking C executable cmTryCompileExec1062631772
/usr/bin/cmake -E cmake_link_script CMakeFiles/cmTryCompileExec1062631772.dir/link.txt --verbose=1
/usr/local/bin/gcc71   -DCHECK_FUNCTION_EXISTS=gethostbyname    CMakeFiles/cmTryCompileExec1062631772.dir/CheckFunctionExists.c.o  -o cmTryCompileExec1062631772 -rdynamic 
gmake[1]: Leaving directory `/users/misc-b/INF473/johanna.jussey/Projets/INF473-x16/build-Elements-Desktop_Qt_5_9_3_GCC_64bit-Release/CMakeFiles/CMakeTmp'


Determining if the function connect exists passed with the following output:
Change Dir: /users/misc-b/INF473/johanna.jussey/Projets/INF473-x16/build-Elements-Desktop_Qt_5_9_3_GCC_64bit-Release/CMakeFiles/CMakeTmp

Run Build Command:/usr/bin/gmake "cmTryCompileExec1682567764/fast"
/usr/bin/gmake -f CMakeFiles/cmTryCompileExec1682567764.dir/build.make CMakeFiles/cmTryCompileExec1682567764.dir/build
gmake[1]: Entering directory `/users/misc-b/INF473/johanna.jussey/Projets/INF473-x16/build-Elements-Desktop_Qt_5_9_3_GCC_64bit-Release/CMakeFiles/CMakeTmp'
/usr/bin/cmake -E cmake_progress_report /users/misc-b/INF473/johanna.jussey/Projets/INF473-x16/build-Elements-Desktop_Qt_5_9_3_GCC_64bit-Release/CMakeFiles/CMakeTmp/CMakeFiles 1
Building C object CMakeFiles/cmTryCompileExec1682567764.dir/CheckFunctionExists.c.o
/usr/local/bin/gcc71   -DCHECK_FUNCTION_EXISTS=connect   -o CMakeFiles/cmTryCompileExec1682567764.dir/CheckFunctionExists.c.o   -c /usr/share/cmake/Modules/CheckFunctionExists.c
Linking C executable cmTryCompileExec1682567764
/usr/bin/cmake -E cmake_link_script CMakeFiles/cmTryCompileExec1682567764.dir/link.txt --verbose=1
/usr/local/bin/gcc71   -DCHECK_FUNCTION_EXISTS=connect    CMakeFiles/cmTryCompileExec1682567764.dir/CheckFunctionExists.c.o  -o cmTryCompileExec1682567764 -rdynamic 
gmake[1]: Leaving directory `/users/misc-b/INF473/johanna.jussey/Projets/INF473-x16/build-Elements-Desktop_Qt_5_9_3_GCC_64bit-Release/CMakeFiles/CMakeTmp'


Determining if the function remove exists passed with the following output:
Change Dir: /users/misc-b/INF473/johanna.jussey/Projets/INF473-x16/build-Elements-Desktop_Qt_5_9_3_GCC_64bit-Release/CMakeFiles/CMakeTmp

Run Build Command:/usr/bin/gmake "cmTryCompileExec1028271215/fast"
/usr/bin/gmake -f CMakeFiles/cmTryCompileExec1028271215.dir/build.make CMakeFiles/cmTryCompileExec1028271215.dir/build
gmake[1]: Entering directory `/users/misc-b/INF473/johanna.jussey/Projets/INF473-x16/build-Elements-Desktop_Qt_5_9_3_GCC_64bit-Release/CMakeFiles/CMakeTmp'
/usr/bin/cmake -E cmake_progress_report /users/misc-b/INF473/johanna.jussey/Projets/INF473-x16/build-Elements-Desktop_Qt_5_9_3_GCC_64bit-Release/CMakeFiles/CMakeTmp/CMakeFiles 1
Building C object CMakeFiles/cmTryCompileExec1028271215.dir/CheckFunctionExists.c.o
/usr/local/bin/gcc71   -DCHECK_FUNCTION_EXISTS=remove   -o CMakeFiles/cmTryCompileExec1028271215.dir/CheckFunctionExists.c.o   -c /usr/share/cmake/Modules/CheckFunctionExists.c
Linking C executable cmTryCompileExec1028271215
/usr/bin/cmake -E cmake_link_script CMakeFiles/cmTryCompileExec1028271215.dir/link.txt --verbose=1
/usr/local/bin/gcc71   -DCHECK_FUNCTION_EXISTS=remove    CMakeFiles/cmTryCompileExec1028271215.dir/CheckFunctionExists.c.o  -o cmTryCompileExec1028271215 -rdynamic 
gmake[1]: Leaving directory `/users/misc-b/INF473/johanna.jussey/Projets/INF473-x16/build-Elements-Desktop_Qt_5_9_3_GCC_64bit-Release/CMakeFiles/CMakeTmp'


Determining if the function shmat exists passed with the following output:
Change Dir: /users/misc-b/INF473/johanna.jussey/Projets/INF473-x16/build-Elements-Desktop_Qt_5_9_3_GCC_64bit-Release/CMakeFiles/CMakeTmp

Run Build Command:/usr/bin/gmake "cmTryCompileExec3063976352/fast"
/usr/bin/gmake -f CMakeFiles/cmTryCompileExec3063976352.dir/build.make CMakeFiles/cmTryCompileExec3063976352.dir/build
gmake[1]: Entering directory `/users/misc-b/INF473/johanna.jussey/Projets/INF473-x16/build-Elements-Desktop_Qt_5_9_3_GCC_64bit-Release/CMakeFiles/CMakeTmp'
/usr/bin/cmake -E cmake_progress_report /users/misc-b/INF473/johanna.jussey/Projets/INF473-x16/build-Elements-Desktop_Qt_5_9_3_GCC_64bit-Release/CMakeFiles/CMakeTmp/CMakeFiles 1
Building C object CMakeFiles/cmTryCompileExec3063976352.dir/CheckFunctionExists.c.o
/usr/local/bin/gcc71   -DCHECK_FUNCTION_EXISTS=shmat   -o CMakeFiles/cmTryCompileExec3063976352.dir/CheckFunctionExists.c.o   -c /usr/share/cmake/Modules/CheckFunctionExists.c
Linking C executable cmTryCompileExec3063976352
/usr/bin/cmake -E cmake_link_script CMakeFiles/cmTryCompileExec3063976352.dir/link.txt --verbose=1
/usr/local/bin/gcc71   -DCHECK_FUNCTION_EXISTS=shmat    CMakeFiles/cmTryCompileExec3063976352.dir/CheckFunctionExists.c.o  -o cmTryCompileExec3063976352 -rdynamic 
gmake[1]: Leaving directory `/users/misc-b/INF473/johanna.jussey/Projets/INF473-x16/build-Elements-Desktop_Qt_5_9_3_GCC_64bit-Release/CMakeFiles/CMakeTmp'


Determining if the function IceConnectionNumber exists in the ICE passed with the following output:
Change Dir: /users/misc-b/INF473/johanna.jussey/Projets/INF473-x16/build-Elements-Desktop_Qt_5_9_3_GCC_64bit-Release/CMakeFiles/CMakeTmp

Run Build Command:/usr/bin/gmake "cmTryCompileExec1327150675/fast"
/usr/bin/gmake -f CMakeFiles/cmTryCompileExec1327150675.dir/build.make CMakeFiles/cmTryCompileExec1327150675.dir/build
gmake[1]: Entering directory `/users/misc-b/INF473/johanna.jussey/Projets/INF473-x16/build-Elements-Desktop_Qt_5_9_3_GCC_64bit-Release/CMakeFiles/CMakeTmp'
/usr/bin/cmake -E cmake_progress_report /users/misc-b/INF473/johanna.jussey/Projets/INF473-x16/build-Elements-Desktop_Qt_5_9_3_GCC_64bit-Release/CMakeFiles/CMakeTmp/CMakeFiles 1
Building C object CMakeFiles/cmTryCompileExec1327150675.dir/CheckFunctionExists.c.o
/usr/local/bin/gcc71   -DCHECK_FUNCTION_EXISTS=IceConnectionNumber   -o CMakeFiles/cmTryCompileExec1327150675.dir/CheckFunctionExists.c.o   -c /usr/share/cmake/Modules/CheckFunctionExists.c
Linking C executable cmTryCompileExec1327150675
/usr/bin/cmake -E cmake_link_script CMakeFiles/cmTryCompileExec1327150675.dir/link.txt --verbose=1
/usr/local/bin/gcc71   -DCHECK_FUNCTION_EXISTS=IceConnectionNumber    CMakeFiles/cmTryCompileExec1327150675.dir/CheckFunctionExists.c.o  -o cmTryCompileExec1327150675 -rdynamic -lICE 
gmake[1]: Leaving directory `/users/misc-b/INF473/johanna.jussey/Projets/INF473-x16/build-Elements-Desktop_Qt_5_9_3_GCC_64bit-Release/CMakeFiles/CMakeTmp'


